# JRE version: OpenJDK Runtime Environment (8.0_112-b06) (build 1.8.0_112-release-b06)
# Java VM: OpenJDK 64-Bit Server VM (25.112-b06 mixed mode linux-amd64 compressed oops)
Heap:
 PSYoungGen      total 286208K, used 19448K [0x00000000e0000000, 0x00000000f2a80000, 0x0000000100000000)
  eden space 266752K, 0% used [0x00000000e0000000,0x00000000e0000000,0x00000000f0480000)
  from space 19456K, 99% used [0x00000000f0480000,0x00000000f177e338,0x00000000f1780000)
  to   space 15872K, 0% used [0x00000000f1900000,0x00000000f1900000,0x00000000f2880000)
 ParOldGen       total 125952K, used 57555K [0x00000000a0000000, 0x00000000a7b00000, 0x00000000e0000000)
  object space 125952K, 45% used [0x00000000a0000000,0x00000000a3834ef0,0x00000000a7b00000)
 Metaspace       used 62207K, capacity 64260K, committed 64432K, reserved 1105920K
  class space    used 8161K, capacity 8587K, committed 8624K, reserved 1048576K
GC Heap History (10 events):
Event: 31.730 GC heap after
Heap after GC invocations=15 (full 2):
 PSYoungGen      total 161280K, used 2199K [0x00000000e0000000, 0x00000000edc00000, 0x0000000100000000)
  eden space 144896K, 0% used [0x00000000e0000000,0x00000000e0000000,0x00000000e8d80000)
  from space 16384K, 13% used [0x00000000e8d80000,0x00000000e8fa5e30,0x00000000e9d80000)
  to   space 16896K, 0% used [0x00000000ecb80000,0x00000000ecb80000,0x00000000edc00000)
 ParOldGen       total 82432K, used 34409K [0x00000000a0000000, 0x00000000a5080000, 0x00000000e0000000)
  object space 82432K, 41% used [0x00000000a0000000,0x00000000a219a558,0x00000000a5080000)
 Metaspace       used 57285K, capacity 59010K, committed 59160K, reserved 1099776K
  class space    used 7649K, capacity 8056K, committed 8112K, reserved 1048576K
}
Event: 31.730 GC heap before
{Heap before GC invocations=16 (full 3):
 PSYoungGen      total 161280K, used 2199K [0x00000000e0000000, 0x00000000edc00000, 0x0000000100000000)
  eden space 144896K, 0% used [0x00000000e0000000,0x00000000e0000000,0x00000000e8d80000)
  from space 16384K, 13% used [0x00000000e8d80000,0x00000000e8fa5e30,0x00000000e9d80000)
  to   space 16896K, 0% used [0x00000000ecb80000,0x00000000ecb80000,0x00000000edc00000)
 ParOldGen       total 82432K, used 34409K [0x00000000a0000000, 0x00000000a5080000, 0x00000000e0000000)
  object space 82432K, 41% used [0x00000000a0000000,0x00000000a219a558,0x00000000a5080000)
 Metaspace       used 57285K, capacity 59010K, committed 59160K, reserved 1099776K
  class space    used 7649K, capacity 8056K, committed 8112K, reserved 1048576K
Event: 31.966 GC heap after
Heap after GC invocations=16 (full 3):
 PSYoungGen      total 161280K, used 0K [0x00000000e0000000, 0x00000000edc00000, 0x0000000100000000)
  eden space 144896K, 0% used [0x00000000e0000000,0x00000000e0000000,0x00000000e8d80000)
  from space 16384K, 0% used [0x00000000e8d80000,0x00000000e8d80000,0x00000000e9d80000)
  to   space 16896K, 0% used [0x00000000ecb80000,0x00000000ecb80000,0x00000000edc00000)
 ParOldGen       total 125952K, used 34170K [0x00000000a0000000, 0x00000000a7b00000, 0x00000000e0000000)
  object space 125952K, 27% used [0x00000000a0000000,0x00000000a215eb20,0x00000000a7b00000)
 Metaspace       used 57283K, capacity 59004K, committed 59160K, reserved 1099776K
  class space    used 7649K, capacity 8055K, committed 8112K, reserved 1048576K
}
Event: 33.732 GC heap before
{Heap before GC invocations=17 (full 3):
 PSYoungGen      total 161280K, used 144540K [0x00000000e0000000, 0x00000000edc00000, 0x0000000100000000)
  eden space 144896K, 99% used [0x00000000e0000000,0x00000000e8d27138,0x00000000e8d80000)
  from space 16384K, 0% used [0x00000000e8d80000,0x00000000e8d80000,0x00000000e9d80000)
  to   space 16896K, 0% used [0x00000000ecb80000,0x00000000ecb80000,0x00000000edc00000)
 ParOldGen       total 125952K, used 34170K [0x00000000a0000000, 0x00000000a7b00000, 0x00000000e0000000)
  object space 125952K, 27% used [0x00000000a0000000,0x00000000a215eb20,0x00000000a7b00000)
 Metaspace       used 58286K, capacity 60234K, committed 60464K, reserved 1101824K
  class space    used 7794K, capacity 8216K, committed 8240K, reserved 1048576K
Event: 33.743 GC heap after
Heap after GC invocations=17 (full 3):
 PSYoungGen      total 194048K, used 6407K [0x00000000e0000000, 0x00000000ed400000, 0x0000000100000000)
  eden space 185344K, 0% used [0x00000000e0000000,0x00000000e0000000,0x00000000eb500000)
  from space 8704K, 73% used [0x00000000ecb80000,0x00000000ed1c1ec8,0x00000000ed400000)
  to   space 15872K, 0% used [0x00000000eb500000,0x00000000eb500000,0x00000000ec480000)
 ParOldGen       total 125952K, used 34178K [0x00000000a0000000, 0x00000000a7b00000, 0x00000000e0000000)
  object space 125952K, 27% used [0x00000000a0000000,0x00000000a2160b20,0x00000000a7b00000)
 Metaspace       used 58286K, capacity 60234K, committed 60464K, reserved 1101824K
  class space    used 7794K, capacity 8216K, committed 8240K, reserved 1048576K
}
Event: 33.779 GC heap before
{Heap before GC invocations=18 (full 3):
 PSYoungGen      total 194048K, used 191535K [0x00000000e0000000, 0x00000000ed400000, 0x0000000100000000)
  eden space 185344K, 99% used [0x00000000e0000000,0x00000000eb4ca028,0x00000000eb500000)
  from space 8704K, 73% used [0x00000000ecb80000,0x00000000ed1c1ec8,0x00000000ed400000)
  to   space 15872K, 0% used [0x00000000eb500000,0x00000000eb500000,0x00000000ec480000)
 ParOldGen       total 125952K, used 34178K [0x00000000a0000000, 0x00000000a7b00000, 0x00000000e0000000)
  object space 125952K, 27% used [0x00000000a0000000,0x00000000a2160b20,0x00000000a7b00000)
 Metaspace       used 58297K, capacity 60234K, committed 60464K, reserved 1101824K
  class space    used 7794K, capacity 8216K, committed 8240K, reserved 1048576K
Event: 33.785 GC heap after
Heap after GC invocations=18 (full 3):
 PSYoungGen      total 201216K, used 4090K [0x00000000e0000000, 0x00000000f2880000, 0x0000000100000000)
  eden space 185344K, 0% used [0x00000000e0000000,0x00000000e0000000,0x00000000eb500000)
  from space 15872K, 25% used [0x00000000eb500000,0x00000000eb8fe938,0x00000000ec480000)
  to   space 15872K, 0% used [0x00000000f1900000,0x00000000f1900000,0x00000000f2880000)
 ParOldGen       total 125952K, used 34186K [0x00000000a0000000, 0x00000000a7b00000, 0x00000000e0000000)
  object space 125952K, 27% used [0x00000000a0000000,0x00000000a2162b20,0x00000000a7b00000)
 Metaspace       used 58297K, capacity 60234K, committed 60464K, reserved 1101824K
  class space    used 7794K, capacity 8216K, committed 8240K, reserved 1048576K
}
Event: 37.733 GC heap before
{Heap before GC invocations=19 (full 3):
 PSYoungGen      total 201216K, used 189434K [0x00000000e0000000, 0x00000000f2880000, 0x0000000100000000)
  eden space 185344K, 100% used [0x00000000e0000000,0x00000000eb500000,0x00000000eb500000)
  from space 15872K, 25% used [0x00000000eb500000,0x00000000eb8fe938,0x00000000ec480000)
  to   space 15872K, 0% used [0x00000000f1900000,0x00000000f1900000,0x00000000f2880000)
 ParOldGen       total 125952K, used 34186K [0x00000000a0000000, 0x00000000a7b00000, 0x00000000e0000000)
  object space 125952K, 27% used [0x00000000a0000000,0x00000000a2162b20,0x00000000a7b00000)
 Metaspace       used 62065K, capacity 64132K, committed 64432K, reserved 1105920K
  class space    used 8153K, capacity 8587K, committed 8624K, reserved 1048576K
Event: 37.755 GC heap after
Heap after GC invocations=19 (full 3):
 PSYoungGen      total 282624K, used 15862K [0x00000000e0000000, 0x00000000f2a80000, 0x0000000100000000)
  eden space 266752K, 0% used [0x00000000e0000000,0x00000000e0000000,0x00000000f0480000)
  from space 15872K, 99% used [0x00000000f1900000,0x00000000f287db00,0x00000000f2880000)
  to   space 19456K, 0% used [0x00000000f0480000,0x00000000f0480000,0x00000000f1780000)
 ParOldGen       total 125952K, used 38139K [0x00000000a0000000, 0x00000000a7b00000, 0x00000000e0000000)
  object space 125952K, 30% used [0x00000000a0000000,0x00000000a253eec0,0x00000000a7b00000)
 Metaspace       used 62065K, capacity 64132K, committed 64432K, reserved 1105920K
  class space    used 8153K, capacity 8587K, committed 8624K, reserved 1048576K
}
Event: 38.638 GC heap before
{Heap before GC invocations=20 (full 3):
 PSYoungGen      total 282624K, used 282614K [0x00000000e0000000, 0x00000000f2a80000, 0x0000000100000000)
  eden space 266752K, 100% used [0x00000000e0000000,0x00000000f0480000,0x00000000f0480000)
  from space 15872K, 99% used [0x00000000f1900000,0x00000000f287db00,0x00000000f2880000)
  to   space 19456K, 0% used [0x00000000f0480000,0x00000000f0480000,0x00000000f1780000)
 ParOldGen       total 125952K, used 38139K [0x00000000a0000000, 0x00000000a7b00000, 0x00000000e0000000)
  object space 125952K, 30% used [0x00000000a0000000,0x00000000a253eec0,0x00000000a7b00000)
 Metaspace       used 62207K, capacity 64260K, committed 64432K, reserved 1105920K
  class space    used 8161K, capacity 8587K, committed 8624K, reserved 1048576K

